<?xml version="1.0" encoding="UTF-8"?>
<testng-results ignored="0" total="1" passed="0" failed="1" skipped="0">
  <reporter-output>
  </reporter-output>
  <suite started-at="2024-05-31T13:38:39 EDT" name="Default suite" finished-at="2024-05-31T13:39:20 EDT" duration-ms="41098">
    <groups>
      <group name="cucumber">
        <method signature="AbstractTestNGCucumberTests.feature(cucumber.api.testng.CucumberFeatureWrapper)[pri:0, instance:frameWork.Testrunner.FrameWorkTestRunner@6c284af]" name="feature" class="cucumber.api.testng.AbstractTestNGCucumberTests"/>
      </group> <!-- cucumber -->
    </groups>
    <test started-at="2024-05-31T13:38:39 EDT" name="Default test" finished-at="2024-05-31T13:39:20 EDT" duration-ms="41098">
      <class name="frameWork.Testrunner.FrameWorkTestRunner">
        <test-method is-config="true" signature="FrameWorkStartURL()[pri:0, instance:frameWork.Testrunner.FrameWorkTestRunner@6c284af]" started-at="2024-05-31T13:38:39 EDT" name="FrameWorkStartURL" finished-at="2024-05-31T13:39:17 EDT" duration-ms="37632" status="PASS">
          <reporter-output>
          </reporter-output>
        </test-method> <!-- FrameWorkStartURL -->
        <test-method is-config="true" signature="setUpClass()[pri:0, instance:frameWork.Testrunner.FrameWorkTestRunner@6c284af]" started-at="2024-05-31T13:39:17 EDT" name="setUpClass" finished-at="2024-05-31T13:39:18 EDT" duration-ms="1416" status="PASS">
          <reporter-output>
          </reporter-output>
        </test-method> <!-- setUpClass -->
        <test-method signature="feature(cucumber.api.testng.CucumberFeatureWrapper)[pri:0, instance:frameWork.Testrunner.FrameWorkTestRunner@6c284af]" started-at="2024-05-31T13:39:18 EDT" name="feature" description="Runs Cucumber Feature" data-provider="features" finished-at="2024-05-31T13:39:19 EDT" duration-ms="1036" status="FAIL">
          <params>
            <param index="0">
              <value>
                <![CDATA[verify login activity]]>
              </value>
            </param>
          </params>
          <exception class="cucumber.runtime.CucumberException">
            <message>
              <![CDATA[java.lang.NullPointerException]]>
            </message>
            <full-stacktrace>
              <![CDATA[cucumber.runtime.CucumberException: java.lang.NullPointerException
at cucumber.api.testng.TestNGCucumberRunner.runCucumber(TestNGCucumberRunner.java:69)
at cucumber.api.testng.AbstractTestNGCucumberTests.feature(AbstractTestNGCucumberTests.java:21)
at java.base/jdk.internal.reflect.NativeMethodAccessorImpl.invoke0(Native Method)
at java.base/jdk.internal.reflect.NativeMethodAccessorImpl.invoke(NativeMethodAccessorImpl.java:62)
at java.base/jdk.internal.reflect.DelegatingMethodAccessorImpl.invoke(DelegatingMethodAccessorImpl.java:43)
at java.base/java.lang.reflect.Method.invoke(Method.java:566)
at org.testng.internal.invokers.MethodInvocationHelper.invokeMethod(MethodInvocationHelper.java:139)
at org.testng.internal.invokers.TestInvoker.invokeMethod(TestInvoker.java:677)
at org.testng.internal.invokers.TestInvoker.invokeTestMethod(TestInvoker.java:221)
at org.testng.internal.invokers.MethodRunner.runInSequence(MethodRunner.java:50)
at org.testng.internal.invokers.TestInvoker$MethodInvocationAgent.invoke(TestInvoker.java:962)
at org.testng.internal.invokers.TestInvoker.invokeTestMethods(TestInvoker.java:194)
at org.testng.internal.invokers.TestMethodWorker.invokeTestMethods(TestMethodWorker.java:148)
at org.testng.internal.invokers.TestMethodWorker.run(TestMethodWorker.java:128)
at java.base/java.util.ArrayList.forEach(ArrayList.java:1541)
at org.testng.TestRunner.privateRun(TestRunner.java:806)
at org.testng.TestRunner.run(TestRunner.java:601)
at org.testng.SuiteRunner.runTest(SuiteRunner.java:433)
at org.testng.SuiteRunner.runSequentially(SuiteRunner.java:427)
at org.testng.SuiteRunner.privateRun(SuiteRunner.java:387)
at org.testng.SuiteRunner.run(SuiteRunner.java:330)
at org.testng.SuiteRunnerWorker.runSuite(SuiteRunnerWorker.java:52)
at org.testng.SuiteRunnerWorker.run(SuiteRunnerWorker.java:95)
at org.testng.TestNG.runSuitesSequentially(TestNG.java:1256)
at org.testng.TestNG.runSuitesLocally(TestNG.java:1176)
at org.testng.TestNG.runSuites(TestNG.java:1099)
at org.testng.TestNG.run(TestNG.java:1067)
at org.testng.remote.AbstractRemoteTestNG.run(AbstractRemoteTestNG.java:115)
at org.testng.remote.RemoteTestNG.initAndRun(RemoteTestNG.java:293)
at org.testng.remote.RemoteTestNG.main(RemoteTestNG.java:91)
Caused by: java.lang.NullPointerException
at java.base/java.util.Objects.requireNonNull(Objects.java:221)
at java.base/java.util.ImmutableCollections$Map1.<init>(ImmutableCollections.java:732)
at java.base/java.util.Map.of(Map.java:1307)
at org.openqa.selenium.remote.DriverCommand.GET(DriverCommand.java:180)
at org.openqa.selenium.remote.RemoteWebDriver.get(RemoteWebDriver.java:300)
at frameWork.Utility.FrameWorkBase.FrameWorkURLSetup(FrameWorkBase.java:64)
at frameWorkStepDifinition.Userlogin.open_application_and_Click_account_link(Userlogin.java:12)
at ✽.Given Open "<URL>" application and Click account link(Userlogin.feature:5)
]]>
            </full-stacktrace>
          </exception> <!-- cucumber.runtime.CucumberException -->
          <reporter-output>
          </reporter-output>
        </test-method> <!-- feature -->
        <test-method is-config="true" signature="tearDownClass()[pri:0, instance:frameWork.Testrunner.FrameWorkTestRunner@6c284af]" started-at="2024-05-31T13:39:19 EDT" name="tearDownClass" finished-at="2024-05-31T13:39:19 EDT" duration-ms="38" status="PASS">
          <reporter-output>
          </reporter-output>
        </test-method> <!-- tearDownClass -->
        <test-method is-config="true" signature="FrameWorkCloseBrowser()[pri:0, instance:frameWork.Testrunner.FrameWorkTestRunner@6c284af]" started-at="2024-05-31T13:39:19 EDT" name="FrameWorkCloseBrowser" finished-at="2024-05-31T13:39:20 EDT" duration-ms="657" status="PASS">
          <reporter-output>
          </reporter-output>
        </test-method> <!-- FrameWorkCloseBrowser -->
      </class> <!-- frameWork.Testrunner.FrameWorkTestRunner -->
    </test> <!-- Default test -->
  </suite> <!-- Default suite -->
</testng-results>
